<?xml version="1.0" encoding="UTF-8"?>
<!-- Generated by org.testng.reporters.JUnitXMLReporter -->
<testsuite ignored="0" hostname="KOKATE-SR" failures="0" tests="4" name="Default test" time="9.019" errors="0" timestamp="2026-04-15T00:06:45 IST">
  <testcase classname="swaglab_tests.ShippingInfoTest" name="LoginToSwagLabs" time="2.719"/>
  <testcase classname="swaglab_tests.ShippingInfoTest" name="AddtoCart" time="0.259"/>
  <testcase classname="swaglab_tests.ShippingInfoTest" name="checkout" time="0.876"/>
  <testcase classname="swaglab_tests.ShippingInfoTest" name="VerifyPrice" time="0.205"/>
</testsuite> <!-- Default test -->
