<?xml version="1.0" encoding="UTF-8"?>
<testng-results ignored="0" total="1" passed="1" failed="0" skipped="0">
  <reporter-output>
  </reporter-output>
  <suite started-at="2026-04-26T19:30:23 IST" name="Suite" finished-at="2026-04-26T19:30:27 IST" duration-ms="4649">
    <groups>
      <group name="cucumber">
        <method signature="AbstractTestNGCucumberTests.runScenario(io.cucumber.testng.PickleWrapper,io.cucumber.testng.FeatureWrapper)[pri:0, instance:swag_labs_steps.Swag_Lab_Runner@233795b6]" name="runScenario" class="io.cucumber.testng.AbstractTestNGCucumberTests"/>
      </group> <!-- cucumber -->
    </groups>
    <test started-at="2026-04-26T19:30:23 IST" name="tests" finished-at="2026-04-26T19:30:27 IST" duration-ms="4649">
      <class name="swag_labs_steps.Swag_Lab_Runner">
        <test-method is-config="true" signature="setUpClass(org.testng.ITestContext)[pri:0, instance:swag_labs_steps.Swag_Lab_Runner@233795b6]" started-at="2026-04-26T19:30:23 IST" name="setUpClass" finished-at="2026-04-26T19:30:23 IST" duration-ms="529" status="PASS">
          <params>
            <param index="0">
              <value>
                <![CDATA[org.testng.TestRunner@2f382a5e]]>
              </value>
            </param>
          </params>
          <reporter-output>
          </reporter-output>
        </test-method> <!-- setUpClass -->
        <test-method signature="runScenario(io.cucumber.testng.PickleWrapper,io.cucumber.testng.FeatureWrapper)[pri:0, instance:swag_labs_steps.Swag_Lab_Runner@233795b6]" started-at="2026-04-26T19:30:23 IST" name="runScenario" description="Runs Cucumber Scenarios" data-provider="scenarios" finished-at="2026-04-26T19:30:27 IST" duration-ms="3992" status="PASS">
          <params>
            <param index="0">
              <value>
                <![CDATA["Test2 User checking price on the checkout page"]]>
              </value>
            </param>
            <param index="1">
              <value>
                <![CDATA["E2E order submission"]]>
              </value>
            </param>
          </params>
          <reporter-output>
          </reporter-output>
        </test-method> <!-- runScenario -->
        <test-method is-config="true" signature="tearDownClass()[pri:0, instance:swag_labs_steps.Swag_Lab_Runner@233795b6]" started-at="2026-04-26T19:30:27 IST" name="tearDownClass" finished-at="2026-04-26T19:30:27 IST" duration-ms="88" status="PASS">
          <reporter-output>
          </reporter-output>
        </test-method> <!-- tearDownClass -->
      </class> <!-- swag_labs_steps.Swag_Lab_Runner -->
    </test> <!-- tests -->
  </suite> <!-- Suite -->
</testng-results>
