<?xml version="1.0" encoding="UTF-8"?>
<testng-results ignored="0" total="4" passed="4" failed="0" skipped="0">
  <reporter-output>
  </reporter-output>
  <suite started-at="2026-04-15T00:06:36 IST" name="Default suite" finished-at="2026-04-15T00:06:45 IST" duration-ms="9019">
    <groups>
    </groups>
    <test started-at="2026-04-15T00:06:36 IST" name="Default test" finished-at="2026-04-15T00:06:45 IST" duration-ms="9019">
      <class name="swaglab_tests.ShippingInfoTest">
        <test-method is-config="true" signature="setup()[pri:0, instance:swaglab_tests.ShippingInfoTest@41330d4f]" started-at="2026-04-15T00:06:36 IST" name="setup" finished-at="2026-04-15T00:06:40 IST" duration-ms="4232" status="PASS">
          <reporter-output>
          </reporter-output>
        </test-method> <!-- setup -->
        <test-method signature="LoginToSwagLabs()[pri:1, instance:swaglab_tests.ShippingInfoTest@41330d4f]" started-at="2026-04-15T00:06:40 IST" name="LoginToSwagLabs" finished-at="2026-04-15T00:06:43 IST" duration-ms="2719" status="PASS">
          <reporter-output>
          </reporter-output>
        </test-method> <!-- LoginToSwagLabs -->
        <test-method signature="AddtoCart()[pri:2, instance:swaglab_tests.ShippingInfoTest@41330d4f]" started-at="2026-04-15T00:06:43 IST" name="AddtoCart" finished-at="2026-04-15T00:06:43 IST" duration-ms="259" status="PASS">
          <reporter-output>
          </reporter-output>
        </test-method> <!-- AddtoCart -->
        <test-method signature="checkout()[pri:3, instance:swaglab_tests.ShippingInfoTest@41330d4f]" started-at="2026-04-15T00:06:43 IST" name="checkout" finished-at="2026-04-15T00:06:44 IST" duration-ms="876" status="PASS">
          <reporter-output>
          </reporter-output>
        </test-method> <!-- checkout -->
        <test-method signature="VerifyPrice()[pri:4, instance:swaglab_tests.ShippingInfoTest@41330d4f]" started-at="2026-04-15T00:06:44 IST" name="VerifyPrice" finished-at="2026-04-15T00:06:44 IST" duration-ms="205" status="PASS">
          <reporter-output>
          </reporter-output>
        </test-method> <!-- VerifyPrice -->
        <test-method is-config="true" signature="shutdown()[pri:0, instance:swaglab_tests.ShippingInfoTest@41330d4f]" started-at="2026-04-15T00:06:44 IST" name="shutdown" finished-at="2026-04-15T00:06:45 IST" duration-ms="635" status="PASS">
          <reporter-output>
          </reporter-output>
        </test-method> <!-- shutdown -->
      </class> <!-- swaglab_tests.ShippingInfoTest -->
    </test> <!-- Default test -->
  </suite> <!-- Default suite -->
</testng-results>
