<?xml version="1.0" encoding="UTF-8"?>
<!-- Generated by org.testng.reporters.JUnitReportReporter -->
<testsuite hostname="KOKATE-SR" failures="0" tests="5" name="swaglab_tests.ShippingInfoTest" time="1.831" errors="0" timestamp="2026-04-26T18:42:04 IST" skipped="0">
  <testcase classname="swaglab_tests.ShippingInfoTest" name="LoginToSwagLabs" time="1.208"/>
  <testcase classname="swaglab_tests.ShippingInfoTest" name="AddtoCart" time="0.116"/>
  <testcase classname="swaglab_tests.ShippingInfoTest" name="checkout" time="0.435"/>
  <testcase classname="swaglab_tests.ShippingInfoTest" name="VerifyPrice" time="0.017"/>
  <testcase classname="swaglab_tests.ShippingInfoTest" name="SubmitOrder" time="0.055"/>
</testsuite> <!-- swaglab_tests.ShippingInfoTest -->
