<?xml version="1.0" encoding="UTF-8"?>
<!-- Generated by org.testng.reporters.JUnitReportReporter -->
<testsuite hostname="KOKATE-SR" failures="0" tests="4" name="swaglab_tests.ShippingInfoTest" time="3.424" errors="0" timestamp="2026-04-11T20:08:03 IST" skipped="0">
  <testcase classname="swaglab_tests.ShippingInfoTest" name="LoginToSwagLabs" time="2.138"/>
  <testcase classname="swaglab_tests.ShippingInfoTest" name="AddtoCart" time="0.285"/>
  <testcase classname="swaglab_tests.ShippingInfoTest" name="checkout" time="0.797"/>
  <testcase classname="swaglab_tests.ShippingInfoTest" name="VerifyPrice" time="0.204"/>
</testsuite> <!-- swaglab_tests.ShippingInfoTest -->
